-------------------------------------------------------------------------------
Test set: com.seafta.meterhj.domain.mapper.meter.MeterMapperTest
-------------------------------------------------------------------------------
Tests run: 3, Failures: 0, Errors: 3, Skipped: 0, Time elapsed: 14.378 s <<< FAILURE! - in com.seafta.meterhj.domain.mapper.meter.MeterMapperTest
shouldMapMeterToMeterUpdatedSnapshot  Time elapsed: 0 s  <<< ERROR!
java.lang.IllegalStateException: Failed to load ApplicationContext
Caused by: org.springframework.context.ApplicationContextException: Failed to start bean 'webServerStartStop'; nested exception is org.springframework.boot.web.server.PortInUseException: Port 8083 is already in use
Caused by: org.springframework.boot.web.server.PortInUseException: Port 8083 is already in use
Caused by: java.lang.IllegalArgumentException: standardService.connector.startFailed
Caused by: org.apache.catalina.LifecycleException: Protocol handler start failed
Caused by: java.net.BindException: Address already in use: bind

shouldMapMeterToMeterDetails  Time elapsed: 0 s  <<< ERROR!
java.lang.IllegalStateException: Failed to load ApplicationContext
Caused by: org.springframework.context.ApplicationContextException: Failed to start bean 'webServerStartStop'; nested exception is org.springframework.boot.web.server.PortInUseException: Port 8083 is already in use
Caused by: org.springframework.boot.web.server.PortInUseException: Port 8083 is already in use
Caused by: java.lang.IllegalArgumentException: standardService.connector.startFailed
Caused by: org.apache.catalina.LifecycleException: Protocol handler start failed
Caused by: java.net.BindException: Address already in use: bind

shouldMapMeterToMeterSnapshot  Time elapsed: 0 s  <<< ERROR!
java.lang.IllegalStateException: Failed to load ApplicationContext
Caused by: org.springframework.context.ApplicationContextException: Failed to start bean 'webServerStartStop'; nested exception is org.springframework.boot.web.server.PortInUseException: Port 8083 is already in use
Caused by: org.springframework.boot.web.server.PortInUseException: Port 8083 is already in use
Caused by: java.lang.IllegalArgumentException: standardService.connector.startFailed
Caused by: org.apache.catalina.LifecycleException: Protocol handler start failed
Caused by: java.net.BindException: Address already in use: bind

